<?xml version="1.0" encoding="UTF-8"?>
<!-- Generated by org.testng.reporters.JUnitReportReporter -->
<testsuite hostname="EPPLKATW0255" failures="0" tests="4" name="CucumberFramework.runner.MainRunner" time="101.786" errors="0" timestamp="28 Apr 2020 00:23:42 GMT">
  <testcase classname="CucumberFramework.runner.MainRunner" name="feature" time="38.865"/>
  <testcase classname="CucumberFramework.runner.MainRunner" name="feature" time="24.788"/>
  <testcase classname="CucumberFramework.runner.MainRunner" name="feature" time="24.147"/>
  <testcase classname="CucumberFramework.runner.MainRunner" name="feature" time="13.986"/>
</testsuite> <!-- CucumberFramework.runner.MainRunner -->
